<?xml version="1.0" encoding="UTF-8"?>
<testng-results skipped="0" failed="0" total="1" passed="1">
  <reporter-output>
  </reporter-output>
  <suite name="Group of group Suite" duration-ms="115394" started-at="2018-09-30T17:58:41Z" finished-at="2018-09-30T18:00:37Z">
    <groups>
    </groups>
    <test name="Group of group Test" duration-ms="115394" started-at="2018-09-30T17:58:41Z" finished-at="2018-09-30T18:00:37Z">
      <class name="com.test.android.testcases.SearchEverythingElseRecentListingTest">
        <test-method status="PASS" signature="setup()[pri:0, instance:com.test.android.testcases.SearchEverythingElseRecentListingTest@4590c9c3]" name="setup" is-config="true" duration-ms="40728" started-at="2018-09-30T23:28:42Z" finished-at="2018-09-30T23:29:22Z">
          <reporter-output>
          </reporter-output>
        </test-method> <!-- setup -->
        <test-method status="PASS" signature="searchEverythingElse()[pri:0, instance:com.test.android.testcases.SearchEverythingElseRecentListingTest@4590c9c3]" name="searchEverythingElse" duration-ms="73152" started-at="2018-09-30T23:29:22Z" finished-at="2018-09-30T23:30:35Z">
          <reporter-output>
          </reporter-output>
        </test-method> <!-- searchEverythingElse -->
        <test-method status="PASS" signature="tearDown()[pri:0, instance:com.test.android.testcases.SearchEverythingElseRecentListingTest@4590c9c3]" name="tearDown" is-config="true" duration-ms="1495" started-at="2018-09-30T23:30:35Z" finished-at="2018-09-30T23:30:37Z">
          <reporter-output>
          </reporter-output>
        </test-method> <!-- tearDown -->
      </class> <!-- com.test.android.testcases.SearchEverythingElseRecentListingTest -->
    </test> <!-- Group of group Test -->
  </suite> <!-- Group of group Suite -->
</testng-results>
